<?xml version="1.0" encoding="UTF-8"?>
<beans xmlns="http://www.springframework.org/schema/beans"
	xmlns:xsi="http://www.w3.org/2001/XMLSchema-instance" xmlns:context="http://www.springframework.org/schema/context"
	xmlns:jdbc="http://www.springframework.org/schema/jdbc" xmlns:tx="http://www.springframework.org/schema/tx"
	xsi:schemaLocation="
		http://www.springframework.org/schema/jdbc http://www.springframework.org/schema/jdbc/spring-jdbc-3.2.xsd 
		http://www.springframework.org/schema/tx http://www.springframework.org/schema/tx/spring-tx-3.2.xsd 
		http://www.springframework.org/schema/beans http://www.springframework.org/schema/beans/spring-beans-3.2.xsd
		http://www.springframework.org/schema/context http://www.springframework.org/schema/context/spring-context-3.2.xsd">

	<context:annotation-config />
	<context:component-scan base-package="com.javacreed.examples.db.tjt" />

	<tx:annotation-driven />

	<bean id="tjtDataSource" class="com.mchange.v2.c3p0.ComboPooledDataSource"
		destroy-method="close" scope="singleton">
		<property name="driverClass" value="org.h2.Driver" />
		<property name="jdbcUrl" value="jdbc:h2:test/db" />
		<property name="user" value="sa" />
		<property name="password" value="" />
		<property name="initialPoolSize" value="5" />
		<property name="minPoolSize" value="5" />
		<property name="maxPoolSize" value="10" />
		<property name="idleConnectionTestPeriod" value="200" />
		<property name="acquireIncrement" value="1" />
		<property name="maxStatements" value="25" />
		<property name="numHelperThreads" value="3" />
	</bean>

	<bean id="tjtJdbcTemplate" class="org.springframework.jdbc.core.JdbcTemplate">
		<constructor-arg ref="tjtDataSource" />
	</bean>

	<bean id="tjtJTransactionManager"
		class="org.springframework.jdbc.datasource.DataSourceTransactionManager">
		<property name="dataSource" ref="tjtDataSource" />
	</bean>
	
	<jdbc:initialize-database data-source="tjtDataSource"
		ignore-failures="DROPS">
		<jdbc:script location="classpath:database/schema.sql" />
	</jdbc:initialize-database>
</beans>